<?xml version="1.0" encoding="UTF-8"?>
<!-- Generated by org.testng.reporters.JUnitReportReporter -->
<testsuite hostname="DESKTOP-SMT2BR0" failures="0" tests="2" name="Tests.TestAuthetification" time="1.893" errors="0" timestamp="2024-12-21T17:40:32 CET" skipped="0">
  <testcase classname="Tests.TestAuthetification" name="auth_validemail" time="0.140"/>
  <testcase classname="Tests.TestAuthetification" name="auth_invalidemail" time="1.753"/>
</testsuite> <!-- Tests.TestAuthetification -->
