<?xml version="1.0" encoding="UTF-8"?>
<!-- Generated by org.testng.reporters.JUnitReportReporter -->
<testsuite hostname="DESKTOP-SMT2BR0" failures="0" tests="1" name="Test.TestFilterProducts" time="7.646" errors="0" timestamp="2024-12-27T19:07:27 CET" skipped="0">
  <testcase classname="Test.TestFilterProducts" name="testFilterProducts" time="7.646"/>
</testsuite> <!-- Test.TestFilterProducts -->
