<?xml version="1.0" encoding="UTF-8"?>
<!-- Generated by org.testng.reporters.JUnitReportReporter -->
<testsuite hostname="DESKTOP-SMT2BR0" failures="0" tests="1" name="Test.TestValidationPanier" time="0.011" errors="0" timestamp="2024-12-28T12:47:29 CET" skipped="0">
  <testcase classname="Test.TestValidationPanier" name="InvalidationPanier" time="0.011"/>
</testsuite> <!-- Test.TestValidationPanier -->
