<?xml version="1.0" encoding="UTF-8"?>
<!-- Generated by org.testng.reporters.JUnitReportReporter -->
<testsuite hostname="DESKTOP-SMT2BR0" failures="0" tests="1" name="Test.TestAjoutPanier" time="14.960" errors="0" timestamp="2024-12-25T15:59:00 CET" skipped="0">
  <testcase classname="Test.TestAjoutPanier" name="ajoutPanier" time="14.960"/>
</testsuite> <!-- Test.TestAjoutPanier -->
