<?xml version="1.0" encoding="UTF-8"?>
<!-- Generated by org.testng.reporters.JUnitReportReporter -->
<testsuite hostname="DESKTOP-SMT2BR0" failures="0" tests="1" name="Test.TestRechercheProduit" time="10.320" errors="0" timestamp="2024-12-27T16:54:52 CET" skipped="0">
  <testcase classname="Test.TestRechercheProduit" name="TestRechercheProduit" time="10.320"/>
</testsuite> <!-- Test.TestRechercheProduit -->
