<?xml version="1.0" encoding="UTF-8"?>
<!-- Generated by org.testng.reporters.JUnitReportReporter -->
<testsuite hostname="DESKTOP-SMT2BR0" failures="0" tests="1" name="Test.JOlympiquesParis2024" time="42.759" errors="0" timestamp="2025-01-04T16:35:44 CET" skipped="0">
  <testcase classname="Test.JOlympiquesParis2024" name="InfoMedaillesTunisieParis24" time="42.759"/>
</testsuite> <!-- Test.JOlympiquesParis2024 -->
