<?xml version="1.0" encoding="UTF-8"?>
<!-- Generated by org.testng.reporters.JUnitReportReporter -->
<testsuite hostname="DESKTOP-SMT2BR0" failures="0" tests="1" name="Test.JOlympiques" time="11.080" errors="0" timestamp="2025-01-03T22:24:28 CET" skipped="0">
  <testcase classname="Test.JOlympiques" name="billetterieTest" time="11.080"/>
</testsuite> <!-- Test.JOlympiques -->
